[2024-09-29 19:37:06] [debug] AJAX request received. POST data: Array
(
    [receiver_ip] => 192.168.8.12
    [power_command] => cec_tv_off.sh
)

[2024-09-29 19:37:06] [debug] AJAX request received. POST data: Array
(
    [receiver_ip] => 192.168.8.17
    [power_command] => cec_tv_off.sh
)

[2024-09-29 19:37:06] [debug] AJAX request received. POST data: Array
(
    [receiver_ip] => 192.168.8.20
    [power_command] => cec_tv_off.sh
)

[2024-09-29 19:37:06] [debug] AJAX request received. POST data: Array
(
    [receiver_ip] => 192.168.8.21
    [power_command] => cec_tv_off.sh
)

[2024-09-29 19:37:06] [debug] AJAX request received. POST data: Array
(
    [receiver_ip] => 192.168.8.70
    [power_command] => cec_tv_off.sh
)

[2024-09-29 19:37:07] [debug] Sending JSON response: {"success":false,"message":"Error sending power command: Unexpected response."}
[2024-09-29 19:37:07] [debug] Sending JSON response: {"success":false,"message":"Error sending power command: Unexpected response."}
[2024-09-29 19:37:07] [debug] Sending JSON response: {"success":false,"message":"Error sending power command: Unexpected response."}
[2024-09-29 19:37:07] [debug] Sending JSON response: {"success":false,"message":"Error sending power command: Unexpected response."}
[2024-09-29 19:37:07] [debug] Sending JSON response: {"success":false,"message":"Error sending power command: Unexpected response."}
[2024-09-30 09:10:38] [debug] AJAX request received. POST data: Array
(
    [receiver_ip] => 192.168.8.20
    [power_command] => cec_tv_on.sh
)

[2024-09-30 09:10:38] [debug] AJAX request received. POST data: Array
(
    [receiver_ip] => 192.168.8.21
    [power_command] => cec_tv_on.sh
)

[2024-09-30 09:10:38] [debug] AJAX request received. POST data: Array
(
    [receiver_ip] => 192.168.8.70
    [power_command] => cec_tv_on.sh
)

[2024-09-30 09:10:38] [debug] AJAX request received. POST data: Array
(
    [receiver_ip] => 192.168.8.17
    [power_command] => cec_tv_on.sh
)

[2024-09-30 09:10:38] [debug] AJAX request received. POST data: Array
(
    [receiver_ip] => 192.168.8.12
    [power_command] => cec_tv_on.sh
)

[2024-09-30 09:10:38] [debug] Sending JSON response: {"success":false,"message":"Error sending power command: Unexpected response."}
[2024-09-30 09:10:38] [debug] Sending JSON response: {"success":false,"message":"Error sending power command: Unexpected response."}
[2024-09-30 09:10:38] [debug] Sending JSON response: {"success":false,"message":"Error sending power command: Unexpected response."}
[2024-09-30 09:10:38] [debug] Sending JSON response: {"success":false,"message":"Error sending power command: Unexpected response."}
[2024-09-30 09:10:39] [debug] Sending JSON response: {"success":false,"message":"Error sending power command: Unexpected response."}
[2024-09-30 09:14:29] [debug] AJAX request received. POST data: Array
(
    [channel] => 7
    [receiver_ip] => 192.168.8.12
)

[2024-09-30 09:14:29] [debug] Sending JSON response: {"success":true,"message":"Channel: Successfully updated\n"}
[2024-09-30 09:14:40] [debug] AJAX request received. POST data: Array
(
    [channel] => 3
    [receiver_ip] => 192.168.8.12
)

[2024-09-30 09:14:40] [debug] Sending JSON response: {"success":true,"message":"Channel: Successfully updated\n"}
[2024-09-30 09:15:55] [debug] AJAX request received. POST data: Array
(
    [receiver_ip] => 192.168.8.20
    [power_command] => cec_tv_off.sh
)

[2024-09-30 09:15:55] [debug] AJAX request received. POST data: Array
(
    [receiver_ip] => 192.168.8.12
    [power_command] => cec_tv_off.sh
)

[2024-09-30 09:15:55] [debug] AJAX request received. POST data: Array
(
    [receiver_ip] => 192.168.8.17
    [power_command] => cec_tv_off.sh
)

[2024-09-30 09:15:55] [debug] AJAX request received. POST data: Array
(
    [receiver_ip] => 192.168.8.70
    [power_command] => cec_tv_off.sh
)

[2024-09-30 09:15:55] [debug] AJAX request received. POST data: Array
(
    [receiver_ip] => 192.168.8.21
    [power_command] => cec_tv_off.sh
)

[2024-09-30 09:15:55] [debug] Sending JSON response: {"success":false,"message":"Error sending power command: Unexpected response."}
[2024-09-30 09:15:55] [debug] Sending JSON response: {"success":false,"message":"Error sending power command: Unexpected response."}
[2024-09-30 09:15:56] [debug] Sending JSON response: {"success":false,"message":"Error sending power command: Unexpected response."}
[2024-09-30 09:15:56] [debug] Sending JSON response: {"success":false,"message":"Error sending power command: Unexpected response."}
[2024-09-30 09:15:56] [debug] Sending JSON response: {"success":false,"message":"Error sending power command: Unexpected response."}
[2024-09-30 10:55:52] [debug] AJAX request received. POST data: Array
(
    [receiver_ip] => 192.168.8.20
    [power_command] => cec_tv_on.sh
)

[2024-09-30 10:55:52] [debug] AJAX request received. POST data: Array
(
    [receiver_ip] => 192.168.8.21
    [power_command] => cec_tv_on.sh
)

[2024-09-30 10:55:52] [debug] AJAX request received. POST data: Array
(
    [receiver_ip] => 192.168.8.12
    [power_command] => cec_tv_on.sh
)

[2024-09-30 10:55:52] [debug] AJAX request received. POST data: Array
(
    [receiver_ip] => 192.168.8.17
    [power_command] => cec_tv_on.sh
)

[2024-09-30 10:55:52] [debug] AJAX request received. POST data: Array
(
    [receiver_ip] => 192.168.8.70
    [power_command] => cec_tv_on.sh
)

[2024-09-30 10:55:53] [debug] Sending JSON response: {"success":false,"message":"Error sending power command: Unexpected response."}
[2024-09-30 10:55:53] [debug] Sending JSON response: {"success":false,"message":"Error sending power command: Unexpected response."}
[2024-09-30 10:55:53] [debug] Sending JSON response: {"success":false,"message":"Error sending power command: Unexpected response."}
[2024-09-30 10:55:54] [debug] Sending JSON response: {"success":false,"message":"Error sending power command: Unexpected response."}
[2024-09-30 10:55:54] [debug] Sending JSON response: {"success":false,"message":"Error sending power command: Unexpected response."}
[2024-09-30 10:59:15] [debug] AJAX request received. POST data: Array
(
    [receiver_ip] => 192.168.8.20
    [power_command] => cec_tv_off.sh
)

[2024-09-30 10:59:15] [debug] AJAX request received. POST data: Array
(
    [receiver_ip] => 192.168.8.21
    [power_command] => cec_tv_off.sh
)

[2024-09-30 10:59:15] [debug] AJAX request received. POST data: Array
(
    [receiver_ip] => 192.168.8.17
    [power_command] => cec_tv_off.sh
)

[2024-09-30 10:59:15] [debug] AJAX request received. POST data: Array
(
    [receiver_ip] => 192.168.8.12
    [power_command] => cec_tv_off.sh
)

[2024-09-30 10:59:15] [debug] AJAX request received. POST data: Array
(
    [receiver_ip] => 192.168.8.70
    [power_command] => cec_tv_off.sh
)

[2024-09-30 10:59:16] [debug] Sending JSON response: {"success":false,"message":"Error sending power command: Unexpected response."}
[2024-09-30 10:59:16] [debug] Sending JSON response: {"success":false,"message":"Error sending power command: Unexpected response."}
[2024-09-30 10:59:16] [debug] Sending JSON response: {"success":false,"message":"Error sending power command: Unexpected response."}
[2024-09-30 10:59:16] [debug] Sending JSON response: {"success":false,"message":"Error sending power command: Unexpected response."}
[2024-09-30 10:59:16] [debug] Sending JSON response: {"success":false,"message":"Error sending power command: Unexpected response."}
[2024-09-30 11:21:53] [debug] AJAX request received. POST data: Array
(
    [receiver_ip] => 192.168.8.20
    [power_command] => cec_tv_on.sh
)

[2024-09-30 11:21:53] [debug] AJAX request received. POST data: Array
(
    [receiver_ip] => 192.168.8.12
    [power_command] => cec_tv_on.sh
)

[2024-09-30 11:21:53] [debug] AJAX request received. POST data: Array
(
    [receiver_ip] => 192.168.8.21
    [power_command] => cec_tv_on.sh
)

[2024-09-30 11:21:53] [debug] AJAX request received. POST data: Array
(
    [receiver_ip] => 192.168.8.17
    [power_command] => cec_tv_on.sh
)

[2024-09-30 11:21:53] [debug] AJAX request received. POST data: Array
(
    [receiver_ip] => 192.168.8.70
    [power_command] => cec_tv_on.sh
)

[2024-09-30 11:21:54] [debug] Sending JSON response: {"success":false,"message":"Error sending power command: Unexpected response."}
[2024-09-30 11:21:54] [debug] Sending JSON response: {"success":false,"message":"Error sending power command: Unexpected response."}
[2024-09-30 11:21:54] [debug] Sending JSON response: {"success":false,"message":"Error sending power command: Unexpected response."}
[2024-09-30 11:21:54] [debug] Sending JSON response: {"success":false,"message":"Error sending power command: Unexpected response."}
[2024-09-30 11:21:54] [debug] Sending JSON response: {"success":false,"message":"Error sending power command: Unexpected response."}
[2024-09-30 11:24:08] [debug] AJAX request received. POST data: Array
(
    [channel] => 3
    [receiver_ip] => 192.168.8.17
)

[2024-09-30 11:24:08] [debug] Sending JSON response: {"success":true,"message":"Channel: Successfully updated\n"}
[2024-09-30 11:24:15] [debug] AJAX request received. POST data: Array
(
    [channel] => 3
    [receiver_ip] => 192.168.8.12
)

[2024-09-30 11:24:15] [debug] Sending JSON response: {"success":true,"message":"Channel: Successfully updated\n"}
[2024-09-30 11:24:28] [debug] AJAX request received. POST data: Array
(
    [channel] => 2
    [receiver_ip] => 192.168.8.20
)

[2024-09-30 11:24:29] [debug] Sending JSON response: {"success":true,"message":"Channel: Successfully updated\n"}
[2024-09-30 11:24:37] [debug] AJAX request received. POST data: Array
(
    [channel] => 3
    [receiver_ip] => 192.168.8.20
)

[2024-09-30 11:24:38] [debug] Sending JSON response: {"success":true,"message":"Channel: Successfully updated\n"}
[2024-09-30 11:52:05] [debug] AJAX request received. POST data: Array
(
    [channel] => 2
    [receiver_ip] => 192.168.8.20
)

[2024-09-30 11:52:05] [debug] Sending JSON response: {"success":true,"message":"Channel: Successfully updated\n"}
[2024-09-30 11:52:33] [debug] AJAX request received. POST data: Array
(
    [channel] => 2
    [receiver_ip] => 192.168.8.12
)

[2024-09-30 11:52:34] [debug] Sending JSON response: {"success":true,"message":"Channel: Successfully updated\n"}
[2024-09-30 11:52:54] [debug] AJAX request received. POST data: Array
(
    [channel] => 5
    [receiver_ip] => 192.168.8.12
)

[2024-09-30 11:52:54] [debug] Sending JSON response: {"success":true,"message":"Channel: Successfully updated\n"}
[2024-09-30 11:53:12] [debug] AJAX request received. POST data: Array
(
    [channel] => 2
    [receiver_ip] => 192.168.8.20
)

[2024-09-30 11:53:13] [debug] Sending JSON response: {"success":true,"message":"Channel: Successfully updated\n"}
[2024-09-30 11:54:44] [debug] AJAX request received. POST data: Array
(
    [receiver_ip] => 192.168.8.70
    [power_command] => cec_tv_on.sh
)

[2024-09-30 11:54:46] [debug] Sending JSON response: {"success":false,"message":"Error sending power command: Unexpected response."}
[2024-09-30 11:54:49] [debug] AJAX request received. POST data: Array
(
    [receiver_ip] => 192.168.8.70
    [power_command] => cec_tv_on.sh
)

[2024-09-30 11:54:50] [debug] Sending JSON response: {"success":false,"message":"Error sending power command: Unexpected response."}
[2024-09-30 12:20:08] [debug] AJAX request received. POST data: Array
(
    [channel] => 3
    [receiver_ip] => 192.168.8.20
)

[2024-09-30 12:20:09] [debug] Sending JSON response: {"success":true,"message":"Channel: Successfully updated\n"}
[2024-09-30 12:20:11] [debug] AJAX request received. POST data: Array
(
    [channel] => 3
    [receiver_ip] => 192.168.8.12
)

[2024-09-30 12:20:11] [debug] Sending JSON response: {"success":true,"message":"Channel: Successfully updated\n"}
[2024-09-30 12:28:00] [debug] AJAX request received. POST data: Array
(
    [channel] => 2
    [receiver_ip] => 192.168.8.20
)

[2024-09-30 12:28:01] [debug] Sending JSON response: {"success":true,"message":"Channel: Successfully updated\n"}
[2024-09-30 12:28:20] [debug] AJAX request received. POST data: Array
(
    [channel] => 4
    [receiver_ip] => 192.168.8.12
)

[2024-09-30 12:28:20] [debug] Sending JSON response: {"success":true,"message":"Channel: Successfully updated\n"}
[2024-09-30 12:35:02] [debug] AJAX request received. POST data: Array
(
    [channel] => 2
    [receiver_ip] => 192.168.8.20
)

[2024-09-30 12:35:02] [debug] Sending JSON response: {"success":true,"message":"Channel: Successfully updated\n"}
[2024-09-30 12:35:07] [debug] AJAX request received. POST data: Array
(
    [channel] => 3
    [receiver_ip] => 192.168.8.20
)

[2024-09-30 12:35:08] [debug] Sending JSON response: {"success":true,"message":"Channel: Successfully updated\n"}
[2024-09-30 12:35:14] [debug] AJAX request received. POST data: Array
(
    [channel] => 2
    [receiver_ip] => 192.168.8.20
)

[2024-09-30 12:35:16] [debug] Sending JSON response: {"success":true,"message":"Channel: Successfully updated\n"}
[2024-09-30 12:38:32] [debug] AJAX request received. POST data: Array
(
    [channel] => 2
    [receiver_ip] => 192.168.8.12
)

[2024-09-30 12:38:33] [debug] Sending JSON response: {"success":true,"message":"Channel: Successfully updated\n"}
[2024-09-30 12:38:39] [debug] AJAX request received. POST data: Array
(
    [channel] => 2
    [receiver_ip] => 192.168.8.20
)

[2024-09-30 12:38:40] [debug] Sending JSON response: {"success":true,"message":"Channel: Successfully updated\n"}
[2024-09-30 12:38:49] [debug] AJAX request received. POST data: Array
(
    [channel] => 3
    [receiver_ip] => 192.168.8.20
)

[2024-09-30 12:38:51] [debug] Sending JSON response: {"success":true,"message":"Channel: Successfully updated\n"}
[2024-09-30 12:39:07] [debug] AJAX request received. POST data: Array
(
    [receiver_ip] => 192.168.8.20
    [power_command] => cec_tv_off.sh
)

[2024-09-30 12:39:08] [debug] Sending JSON response: {"success":false,"message":"Error sending power command: Unexpected response."}
[2024-09-30 12:39:11] [debug] AJAX request received. POST data: Array
(
    [receiver_ip] => 192.168.8.20
    [power_command] => cec_tv_on.sh
)

[2024-09-30 12:39:13] [debug] Sending JSON response: {"success":false,"message":"Error sending power command: Unexpected response."}
[2024-09-30 12:39:20] [debug] AJAX request received. POST data: Array
(
    [channel] => 2
    [receiver_ip] => 192.168.8.20
)

[2024-09-30 12:39:21] [debug] Sending JSON response: {"success":true,"message":"Channel: Successfully updated\n"}
[2024-09-30 12:41:07] [debug] AJAX request received. POST data: Array
(
    [channel] => 3
    [receiver_ip] => 192.168.8.20
)

[2024-09-30 12:41:08] [debug] Sending JSON response: {"success":true,"message":"Channel: Successfully updated\n"}
[2024-09-30 12:43:45] [debug] AJAX request received. POST data: Array
(
    [channel] => 2
    [receiver_ip] => 192.168.8.20
)

[2024-09-30 12:43:46] [debug] Sending JSON response: {"success":true,"message":"Channel: Successfully updated\n"}
[2024-09-30 12:57:58] [debug] AJAX request received. POST data: Array
(
    [receiver_ip] => 192.168.8.20
    [power_command] => cec_tv_off.sh
)

[2024-09-30 12:57:58] [debug] AJAX request received. POST data: Array
(
    [receiver_ip] => 192.168.8.12
    [power_command] => cec_tv_off.sh
)

[2024-09-30 12:57:58] [debug] AJAX request received. POST data: Array
(
    [receiver_ip] => 192.168.8.17
    [power_command] => cec_tv_off.sh
)

[2024-09-30 12:57:58] [debug] AJAX request received. POST data: Array
(
    [receiver_ip] => 192.168.8.21
    [power_command] => cec_tv_off.sh
)

[2024-09-30 12:57:58] [debug] AJAX request received. POST data: Array
(
    [receiver_ip] => 192.168.8.70
    [power_command] => cec_tv_off.sh
)

[2024-09-30 12:58:03] [error] Error sending power command: cURL error: Connection timed out after 5001 milliseconds
[2024-09-30 12:58:03] [debug] Sending JSON response: {"success":false,"message":"Error sending power command: cURL error: Connection timed out after 5001 milliseconds"}
[2024-09-30 12:58:03] [error] Error sending power command: cURL error: Connection timed out after 5001 milliseconds
[2024-09-30 12:58:03] [debug] Sending JSON response: {"success":false,"message":"Error sending power command: cURL error: Connection timed out after 5001 milliseconds"}
[2024-09-30 12:58:03] [error] Error sending power command: cURL error: Connection timed out after 5001 milliseconds
[2024-09-30 12:58:03] [error] Error sending power command: cURL error: Connection timed out after 5001 milliseconds
[2024-09-30 12:58:03] [debug] Sending JSON response: {"success":false,"message":"Error sending power command: cURL error: Connection timed out after 5001 milliseconds"}
[2024-09-30 12:58:03] [error] Error sending power command: cURL error: Connection timed out after 5001 milliseconds
[2024-09-30 12:58:03] [debug] Sending JSON response: {"success":false,"message":"Error sending power command: cURL error: Connection timed out after 5001 milliseconds"}
[2024-09-30 12:58:03] [debug] Sending JSON response: {"success":false,"message":"Error sending power command: cURL error: Connection timed out after 5001 milliseconds"}
[2024-09-30 13:00:52] [debug] AJAX request received. POST data: Array
(
    [channel] => 3
    [receiver_ip] => 192.168.8.20
)

[2024-09-30 13:00:53] [debug] Sending JSON response: {"success":true,"message":"Channel: Successfully updated\n"}
[2024-09-30 13:49:34] [error] Error getting current channel: cURL error: Connection timed out after 5001 milliseconds
[2024-09-30 13:49:34] [error] Error generating form for receiver Bar TV Left: Unable to get current channel
[2024-09-30 13:49:39] [error] Error getting current channel: cURL error: Connection timed out after 5001 milliseconds
[2024-09-30 13:49:39] [error] Error generating form for receiver Bar TV Right: Unable to get current channel
[2024-09-30 13:49:44] [error] Error getting current channel: cURL error: Connection timed out after 5001 milliseconds
[2024-09-30 13:49:44] [error] Error generating form for receiver Axe Throw Left: Unable to get current channel
[2024-09-30 13:49:49] [error] Error getting current channel: cURL error: Connection timed out after 5001 milliseconds
[2024-09-30 13:49:49] [error] Error generating form for receiver Axe Throw Right: Unable to get current channel
[2024-09-30 13:49:54] [error] Error getting current channel: cURL error: Connection timed out after 5001 milliseconds
[2024-09-30 13:49:54] [error] Error generating form for receiver Dining Area TV: Unable to get current channel
[2024-09-30 13:49:57] [error] Error getting current channel: cURL error: Failed to connect to 192.168.8.20 port 80 after 3050 ms: No route to host
[2024-09-30 13:51:17] [error] Error getting current channel: cURL error: Failed to connect to 192.168.8.20 port 80 after 3057 ms: No route to host
[2024-09-30 13:51:17] [error] Error generating form for receiver Bar TV Left: Unable to get current channel
[2024-09-30 13:51:20] [error] Error getting current channel: cURL error: Failed to connect to 192.168.8.12 port 80 after 3070 ms: No route to host
[2024-09-30 13:51:20] [error] Error generating form for receiver Bar TV Right: Unable to get current channel
[2024-09-30 13:51:23] [error] Error getting current channel: cURL error: Failed to connect to 192.168.8.17 port 80 after 3070 ms: No route to host
[2024-09-30 13:51:23] [error] Error generating form for receiver Axe Throw Left: Unable to get current channel
[2024-09-30 13:51:26] [error] Error getting current channel: cURL error: Failed to connect to 192.168.8.21 port 80 after 3070 ms: No route to host
[2024-09-30 13:51:26] [error] Error generating form for receiver Axe Throw Right: Unable to get current channel
[2024-09-30 13:51:30] [error] Error getting current channel: cURL error: Failed to connect to 192.168.8.70 port 80 after 3070 ms: No route to host
[2024-09-30 13:51:30] [error] Error generating form for receiver Dining Area TV: Unable to get current channel
[2024-09-30 13:51:33] [error] Error getting current channel: cURL error: Failed to connect to 192.168.8.20 port 80 after 3068 ms: No route to host
[2024-10-01 09:32:56] [debug] AJAX request received. POST data: Array
(
    [receiver_ip] => 192.168.8.21
    [power_command] => cec_tv_on.sh
)

[2024-10-01 09:32:56] [debug] AJAX request received. POST data: Array
(
    [receiver_ip] => 192.168.8.12
    [power_command] => cec_tv_on.sh
)

[2024-10-01 09:32:56] [debug] AJAX request received. POST data: Array
(
    [receiver_ip] => 192.168.8.17
    [power_command] => cec_tv_on.sh
)

[2024-10-01 09:32:56] [debug] AJAX request received. POST data: Array
(
    [receiver_ip] => 192.168.8.70
    [power_command] => cec_tv_on.sh
)

[2024-10-01 09:32:56] [debug] AJAX request received. POST data: Array
(
    [receiver_ip] => 192.168.8.20
    [power_command] => cec_tv_on.sh
)

[2024-10-01 09:32:57] [debug] Sending JSON response: {"success":false,"message":"Error sending power command: Unexpected response."}
[2024-10-01 09:32:57] [debug] Sending JSON response: {"success":false,"message":"Error sending power command: Unexpected response."}
[2024-10-01 09:32:57] [debug] Sending JSON response: {"success":false,"message":"Error sending power command: Unexpected response."}
[2024-10-01 09:32:57] [debug] Sending JSON response: {"success":false,"message":"Error sending power command: Unexpected response."}
[2024-10-01 09:32:57] [debug] Sending JSON response: {"success":false,"message":"Error sending power command: Unexpected response."}
[2024-10-01 09:35:55] [debug] AJAX request received. POST data: Array
(
    [channel] => 2
    [receiver_ip] => 192.168.8.20
)

[2024-10-01 09:35:56] [debug] Sending JSON response: {"success":true,"message":"Channel: Successfully updated\n"}
[2024-10-01 09:35:57] [debug] AJAX request received. POST data: Array
(
    [channel] => 3
    [receiver_ip] => 192.168.8.12
)

[2024-10-01 09:35:58] [debug] Sending JSON response: {"success":true,"message":"Channel: Successfully updated\n"}
[2024-10-01 09:36:45] [debug] AJAX request received. POST data: Array
(
    [receiver_ip] => 192.168.8.12
    [power_command] => cec_tv_off.sh
)

[2024-10-01 09:36:45] [debug] AJAX request received. POST data: Array
(
    [receiver_ip] => 192.168.8.21
    [power_command] => cec_tv_off.sh
)

[2024-10-01 09:36:45] [debug] AJAX request received. POST data: Array
(
    [receiver_ip] => 192.168.8.17
    [power_command] => cec_tv_off.sh
)

[2024-10-01 09:36:45] [debug] AJAX request received. POST data: Array
(
    [receiver_ip] => 192.168.8.70
    [power_command] => cec_tv_off.sh
)

[2024-10-01 09:36:45] [debug] AJAX request received. POST data: Array
(
    [receiver_ip] => 192.168.8.20
    [power_command] => cec_tv_off.sh
)

[2024-10-01 09:36:46] [debug] Sending JSON response: {"success":false,"message":"Error sending power command: Unexpected response."}
[2024-10-01 09:36:46] [debug] Sending JSON response: {"success":false,"message":"Error sending power command: Unexpected response."}
[2024-10-01 09:36:46] [debug] Sending JSON response: {"success":false,"message":"Error sending power command: Unexpected response."}
[2024-10-01 09:36:46] [debug] Sending JSON response: {"success":false,"message":"Error sending power command: Unexpected response."}
[2024-10-01 09:36:46] [debug] Sending JSON response: {"success":false,"message":"Error sending power command: Unexpected response."}
[2024-10-01 09:36:58] [debug] AJAX request received. POST data: Array
(
    [channel] => 7
    [receiver_ip] => 192.168.8.21
)

[2024-10-01 09:36:58] [debug] Sending JSON response: {"success":true,"message":"Channel: Successfully updated\n"}
[2024-10-01 09:36:59] [debug] AJAX request received. POST data: Array
(
    [channel] => 7
    [receiver_ip] => 192.168.8.70
)

[2024-10-01 09:37:00] [debug] Sending JSON response: {"success":true,"message":"Channel: Successfully updated\n"}
[2024-10-03 12:09:11] [debug] AJAX request received. POST data: Array
(
    [receiver_ip] => 192.168.8.20
    [power_command] => cec_tv_on.sh
)

[2024-10-03 12:09:12] [debug] Sending JSON response: {"success":false,"message":"Error sending power command: Unexpected response."}
[2024-10-03 12:09:13] [debug] AJAX request received. POST data: Array
(
    [receiver_ip] => 192.168.8.12
    [power_command] => cec_tv_on.sh
)

[2024-10-03 12:09:13] [debug] Sending JSON response: {"success":false,"message":"Error sending power command: Unexpected response."}
[2024-10-03 12:09:14] [debug] AJAX request received. POST data: Array
(
    [receiver_ip] => 192.168.8.17
    [power_command] => cec_tv_on.sh
)

[2024-10-03 12:09:15] [debug] Sending JSON response: {"success":false,"message":"Error sending power command: Unexpected response."}
[2024-10-03 12:09:19] [debug] AJAX request received. POST data: Array
(
    [receiver_ip] => 192.168.8.21
    [power_command] => cec_tv_on.sh
)

[2024-10-03 12:09:20] [debug] Sending JSON response: {"success":false,"message":"Error sending power command: Unexpected response."}
[2024-10-03 12:09:24] [debug] AJAX request received. POST data: Array
(
    [receiver_ip] => 192.168.8.70
    [power_command] => cec_tv_on.sh
)

[2024-10-03 12:09:25] [debug] Sending JSON response: {"success":false,"message":"Error sending power command: Unexpected response."}
[2024-10-03 12:09:47] [debug] AJAX request received. POST data: Array
(
    [channel] => 2
    [receiver_ip] => 192.168.8.20
)

[2024-10-03 12:09:48] [debug] Sending JSON response: {"success":true,"message":"Channel: Successfully updated\n"}
[2024-10-03 12:10:39] [debug] AJAX request received. POST data: Array
(
    [receiver_ip] => 192.168.8.20
    [power_command] => cec_tv_on.sh
)

[2024-10-03 12:10:39] [debug] Sending JSON response: {"success":false,"message":"Error sending power command: Unexpected response."}
[2024-10-03 12:10:42] [debug] AJAX request received. POST data: Array
(
    [receiver_ip] => 192.168.8.17
    [power_command] => cec_tv_on.sh
)

[2024-10-03 12:10:42] [debug] Sending JSON response: {"success":false,"message":"Error sending power command: Unexpected response."}
[2024-10-03 12:10:44] [debug] AJAX request received. POST data: Array
(
    [receiver_ip] => 192.168.8.70
    [power_command] => cec_tv_on.sh
)

[2024-10-03 12:10:44] [debug] Sending JSON response: {"success":false,"message":"Error sending power command: Unexpected response."}
[2024-10-03 12:10:46] [debug] AJAX request received. POST data: Array
(
    [receiver_ip] => 192.168.8.21
    [power_command] => cec_tv_on.sh
)

[2024-10-03 12:10:47] [debug] Sending JSON response: {"success":false,"message":"Error sending power command: Unexpected response."}
[2024-10-03 12:10:48] [debug] AJAX request received. POST data: Array
(
    [receiver_ip] => 192.168.8.70
    [power_command] => cec_tv_on.sh
)

[2024-10-03 12:10:48] [debug] Sending JSON response: {"success":false,"message":"Error sending power command: Unexpected response."}
[2024-10-03 12:42:33] [debug] AJAX request received. POST data: Array
(
    [receiver_ip] => 192.168.8.20
    [power_command] => cec_tv_off.sh
)

[2024-10-03 12:42:33] [debug] Sending JSON response: {"success":false,"message":"Error sending power command: Unexpected response."}
[2024-10-03 12:42:37] [debug] AJAX request received. POST data: Array
(
    [receiver_ip] => 192.168.8.20
    [power_command] => cec_tv_on.sh
)

[2024-10-03 12:42:38] [debug] Sending JSON response: {"success":false,"message":"Error sending power command: Unexpected response."}
[2024-10-03 16:00:58] [debug] AJAX request received. POST data: Array
(
    [receiver_ip] => 192.168.8.20
    [power_command] => cec_tv_on.sh
)

[2024-10-03 16:00:58] [debug] Sending JSON response: {"success":false,"message":"Error sending power command: Unexpected response."}
[2024-10-03 16:01:00] [debug] AJAX request received. POST data: Array
(
    [receiver_ip] => 192.168.8.12
    [power_command] => cec_tv_on.sh
)

[2024-10-03 16:01:01] [debug] Sending JSON response: {"success":false,"message":"Error sending power command: Unexpected response."}
[2024-10-03 16:01:04] [debug] AJAX request received. POST data: Array
(
    [channel] => 2
    [receiver_ip] => 192.168.8.20
)

[2024-10-03 16:01:04] [debug] Sending JSON response: {"success":true,"message":"Channel: Successfully updated\n"}
[2024-10-03 16:01:05] [debug] AJAX request received. POST data: Array
(
    [channel] => 3
    [receiver_ip] => 192.168.8.12
)

[2024-10-03 16:01:05] [debug] Sending JSON response: {"success":true,"message":"Channel: Successfully updated\n"}
[2024-10-03 16:04:00] [debug] AJAX request received. POST data: Array
(
    [receiver_ip] => 192.168.8.21
    [power_command] => cec_tv_on.sh
)

[2024-10-03 16:04:00] [debug] AJAX request received. POST data: Array
(
    [receiver_ip] => 192.168.8.70
    [power_command] => cec_tv_on.sh
)

[2024-10-03 16:04:00] [debug] AJAX request received. POST data: Array
(
    [receiver_ip] => 192.168.8.12
    [power_command] => cec_tv_on.sh
)

[2024-10-03 16:04:00] [debug] AJAX request received. POST data: Array
(
    [receiver_ip] => 192.168.8.17
    [power_command] => cec_tv_on.sh
)

[2024-10-03 16:04:00] [debug] AJAX request received. POST data: Array
(
    [receiver_ip] => 192.168.8.20
    [power_command] => cec_tv_on.sh
)

[2024-10-03 16:04:01] [debug] Sending JSON response: {"success":false,"message":"Error sending power command: Unexpected response."}
[2024-10-03 16:04:01] [debug] Sending JSON response: {"success":false,"message":"Error sending power command: Unexpected response."}
[2024-10-03 16:04:01] [debug] Sending JSON response: {"success":false,"message":"Error sending power command: Unexpected response."}
[2024-10-03 16:04:01] [debug] Sending JSON response: {"success":false,"message":"Error sending power command: Unexpected response."}
[2024-10-03 16:04:01] [debug] Sending JSON response: {"success":false,"message":"Error sending power command: Unexpected response."}
[2024-10-03 16:04:05] [debug] AJAX request received. POST data: Array
(
    [receiver_ip] => 192.168.8.20
    [power_command] => cec_tv_off.sh
)

[2024-10-03 16:04:05] [debug] Sending JSON response: {"success":false,"message":"Error sending power command: Unexpected response."}
[2024-10-03 16:04:07] [debug] AJAX request received. POST data: Array
(
    [channel] => 2
    [receiver_ip] => 192.168.8.20
)

[2024-10-03 16:04:07] [debug] Sending JSON response: {"success":true,"message":"Channel: Successfully updated\n"}
[2024-10-03 16:04:11] [debug] AJAX request received. POST data: Array
(
    [receiver_ip] => 192.168.8.20
    [power_command] => cec_tv_on.sh
)

[2024-10-03 16:04:11] [debug] Sending JSON response: {"success":false,"message":"Error sending power command: Unexpected response."}
[2024-10-03 16:04:12] [debug] AJAX request received. POST data: Array
(
    [channel] => 2
    [receiver_ip] => 192.168.8.20
)

[2024-10-03 16:04:12] [debug] Sending JSON response: {"success":true,"message":"Channel: Successfully updated\n"}
[2024-10-04 13:18:37] [debug] AJAX request received. POST data: Array
(
    [receiver_ip] => 192.168.8.12
    [power_command] => cec_tv_on.sh
)

[2024-10-04 13:18:37] [debug] AJAX request received. POST data: Array
(
    [receiver_ip] => 192.168.8.20
    [power_command] => cec_tv_on.sh
)

[2024-10-04 13:18:37] [debug] AJAX request received. POST data: Array
(
    [receiver_ip] => 192.168.8.17
    [power_command] => cec_tv_on.sh
)

[2024-10-04 13:18:37] [debug] AJAX request received. POST data: Array
(
    [receiver_ip] => 192.168.8.70
    [power_command] => cec_tv_on.sh
)

[2024-10-04 13:18:37] [debug] AJAX request received. POST data: Array
(
    [receiver_ip] => 192.168.8.21
    [power_command] => cec_tv_on.sh
)

[2024-10-04 13:18:37] [debug] Sending JSON response: {"success":false,"message":"Error sending power command: Unexpected response."}
[2024-10-04 13:18:37] [debug] Sending JSON response: {"success":false,"message":"Error sending power command: Unexpected response."}
[2024-10-04 13:18:37] [debug] Sending JSON response: {"success":false,"message":"Error sending power command: Unexpected response."}
[2024-10-04 13:18:37] [debug] Sending JSON response: {"success":false,"message":"Error sending power command: Unexpected response."}
[2024-10-04 13:18:37] [debug] Sending JSON response: {"success":false,"message":"Error sending power command: Unexpected response."}
[2024-10-05 12:42:25] [debug] AJAX request received. POST data: Array
(
    [channel] => 2
    [receiver_ip] => 192.168.8.21
)

[2024-10-05 12:42:26] [debug] Sending JSON response: {"success":true,"message":"Channel: Successfully updated\n"}
[2024-10-05 16:40:50] [debug] AJAX request received. POST data: Array
(
    [channel] => 3
    [receiver_ip] => 192.168.8.21
)

[2024-10-05 16:40:51] [debug] Sending JSON response: {"success":true,"message":"Channel: Successfully updated\n"}
[2024-10-05 16:40:56] [debug] AJAX request received. POST data: Array
(
    [channel] => 2
    [receiver_ip] => 192.168.8.21
)

[2024-10-05 16:40:56] [debug] Sending JSON response: {"success":true,"message":"Channel: Successfully updated\n"}
[2024-10-05 16:41:34] [debug] AJAX request received. POST data: Array
(
    [channel] => 2
    [receiver_ip] => 192.168.8.17
)

[2024-10-05 16:41:36] [debug] Sending JSON response: {"success":true,"message":"Channel: Successfully updated\n"}
[2024-10-05 16:42:05] [debug] AJAX request received. POST data: Array
(
    [channel] => 3
    [receiver_ip] => 192.168.8.17
)

[2024-10-05 16:42:05] [debug] Sending JSON response: {"success":true,"message":"Channel: Successfully updated\n"}
[2024-10-06 10:49:52] [debug] AJAX request received. POST data: Array
(
    [receiver_ip] => 192.168.8.20
    [power_command] => cec_tv_on.sh
)

[2024-10-06 10:49:52] [debug] AJAX request received. POST data: Array
(
    [receiver_ip] => 192.168.8.17
    [power_command] => cec_tv_on.sh
)

[2024-10-06 10:49:52] [debug] AJAX request received. POST data: Array
(
    [receiver_ip] => 192.168.8.12
    [power_command] => cec_tv_on.sh
)

[2024-10-06 10:49:52] [debug] AJAX request received. POST data: Array
(
    [receiver_ip] => 192.168.8.21
    [power_command] => cec_tv_on.sh
)

[2024-10-06 10:49:52] [debug] AJAX request received. POST data: Array
(
    [receiver_ip] => 192.168.8.70
    [power_command] => cec_tv_on.sh
)

[2024-10-06 10:49:52] [debug] Sending JSON response: {"success":false,"message":"Error sending power command: Unexpected response."}
[2024-10-06 10:49:52] [debug] Sending JSON response: {"success":false,"message":"Error sending power command: Unexpected response."}
[2024-10-06 10:49:52] [debug] Sending JSON response: {"success":false,"message":"Error sending power command: Unexpected response."}
[2024-10-06 10:49:52] [debug] Sending JSON response: {"success":false,"message":"Error sending power command: Unexpected response."}
[2024-10-06 10:49:52] [debug] Sending JSON response: {"success":false,"message":"Error sending power command: Unexpected response."}
[2024-10-13 09:44:11] [debug] AJAX request received. POST data: Array
(
    [channel] => 7
    [receiver_ip] => 192.168.8.70
)

[2024-10-13 09:44:12] [debug] Sending JSON response: {"success":true,"message":"Channel: Successfully updated\n"}
[2024-10-14 11:42:02] [debug] AJAX request received. POST data: Array
(
    [channel] => 3
    [receiver_ip] => 192.168.8.17
)

[2024-10-14 11:42:03] [debug] Sending JSON response: {"success":true,"message":"Channel: Successfully updated\n"}
[2024-10-14 11:42:09] [debug] AJAX request received. POST data: Array
(
    [channel] => 2
    [receiver_ip] => 192.168.8.17
)

[2024-10-14 11:42:10] [debug] Sending JSON response: {"success":true,"message":"Channel: Successfully updated\n"}
[2024-10-14 11:42:21] [debug] AJAX request received. POST data: Array
(
    [channel] => 7
    [receiver_ip] => 192.168.8.17
)

[2024-10-14 11:42:22] [debug] Sending JSON response: {"success":true,"message":"Channel: Successfully updated\n"}
[2024-10-14 12:20:58] [debug] AJAX request received. POST data: Array
(
    [channel] => 2
    [receiver_ip] => 192.168.8.17
)

[2024-10-14 12:20:59] [debug] Sending JSON response: {"success":true,"message":"Channel: Successfully updated\n"}
[2024-10-14 12:21:09] [debug] AJAX request received. POST data: Array
(
    [channel] => 3
    [receiver_ip] => 192.168.8.17
)

[2024-10-14 12:21:09] [debug] Sending JSON response: {"success":true,"message":"Channel: Successfully updated\n"}
[2024-10-14 12:21:25] [debug] AJAX request received. POST data: Array
(
    [channel] => 7
    [receiver_ip] => 192.168.8.17
)

[2024-10-14 12:21:25] [debug] Sending JSON response: {"success":true,"message":"Channel: Successfully updated\n"}
[2024-10-15 11:21:22] [error] Error getting current channel: cURL error: Connection timed out after 5001 milliseconds
[2024-10-15 11:21:22] [error] Error generating form for receiver Bar TV Left: Unable to get current channel
[2024-10-15 11:21:27] [error] Error getting current channel: cURL error: Connection timed out after 5001 milliseconds
[2024-10-15 11:21:27] [error] Error generating form for receiver Bar TV Right: Unable to get current channel
[2024-10-15 11:21:32] [error] Error getting current channel: cURL error: Failed to connect to 192.168.8.20 port 80 after 3069 ms: No route to host
[2024-10-15 11:21:32] [error] Error generating form for receiver Bar TV Left: Unable to get current channel
[2024-10-15 11:21:32] [error] Error getting current channel: cURL error: Connection timed out after 5001 milliseconds
[2024-10-15 11:21:32] [error] Error generating form for receiver Axe Throw Left: Unable to get current channel
[2024-10-15 11:21:35] [error] Error getting current channel: cURL error: Failed to connect to 192.168.8.12 port 80 after 3070 ms: No route to host
[2024-10-15 11:21:35] [error] Error generating form for receiver Bar TV Right: Unable to get current channel
[2024-10-15 11:21:37] [error] Error getting current channel: cURL error: Connection timed out after 5001 milliseconds
[2024-10-15 11:21:37] [error] Error generating form for receiver Axe Throw Right: Unable to get current channel
[2024-10-15 11:21:39] [error] Error getting current channel: cURL error: Failed to connect to 192.168.8.17 port 80 after 4094 ms: No route to host
[2024-10-15 11:21:39] [error] Error generating form for receiver Axe Throw Left: Unable to get current channel
[2024-10-15 11:21:42] [error] Error getting current channel: cURL error: Connection timed out after 5001 milliseconds
[2024-10-15 11:21:42] [error] Error generating form for receiver Dining Area TV: Unable to get current channel
[2024-10-15 11:21:44] [error] Error getting current channel: cURL error: Connection timed out after 5000 milliseconds
[2024-10-15 11:21:44] [error] Error generating form for receiver Axe Throw Right: Unable to get current channel
[2024-10-15 11:21:45] [error] Error getting current channel: cURL error: Failed to connect to 192.168.8.20 port 80 after 3060 ms: No route to host
[2024-10-15 11:21:49] [error] Error getting current channel: cURL error: Connection timed out after 5000 milliseconds
[2024-10-15 11:21:49] [error] Error generating form for receiver Dining Area TV: Unable to get current channel
[2024-10-15 11:21:52] [error] Error getting current channel: cURL error: Failed to connect to 192.168.8.20 port 80 after 3050 ms: No route to host
[2024-10-18 14:51:13] [debug] AJAX request received. POST data: Array
(
    [channel] => 2
    [receiver_ip] => 192.168.8.20
)

[2024-10-18 14:51:14] [debug] Sending JSON response: {"success":true,"message":"Channel: Successfully updated\n"}
[2024-10-18 14:51:16] [debug] AJAX request received. POST data: Array
(
    [channel] => 3
    [receiver_ip] => 192.168.8.12
)

[2024-10-18 14:51:16] [debug] Sending JSON response: {"success":true,"message":"Channel: Successfully updated\n"}
[2024-10-18 14:51:18] [debug] AJAX request received. POST data: Array
(
    [channel] => 7
    [receiver_ip] => 192.168.8.17
)

[2024-10-18 14:51:18] [debug] Sending JSON response: {"success":true,"message":"Channel: Successfully updated\n"}
[2024-10-18 14:51:20] [debug] AJAX request received. POST data: Array
(
    [channel] => 2
    [receiver_ip] => 192.168.8.21
)

[2024-10-18 14:51:20] [debug] Sending JSON response: {"success":true,"message":"Channel: Successfully updated\n"}
[2024-10-20 11:28:35] [debug] AJAX request received. POST data: Array
(
    [channel] => 2
    [receiver_ip] => 192.168.8.70
)

[2024-10-20 11:28:36] [debug] Sending JSON response: {"success":true,"message":"Channel: Successfully updated\n"}
[2024-10-21 12:49:09] [debug] AJAX request received. POST data: Array
(
    [channel] => 2
    [receiver_ip] => 192.168.8.70
)

[2024-10-21 12:49:10] [debug] Sending JSON response: {"success":true,"message":"Channel: Successfully updated\n"}
[2024-10-26 20:59:51] [debug] AJAX request received. POST data: Array
(
    [receiver_ip] => 192.168.8.20
    [power_command] => cec_tv_on.sh
)

[2024-10-26 20:59:51] [debug] AJAX request received. POST data: Array
(
    [receiver_ip] => 192.168.8.21
    [power_command] => cec_tv_on.sh
)

[2024-10-26 20:59:51] [debug] AJAX request received. POST data: Array
(
    [receiver_ip] => 192.168.8.17
    [power_command] => cec_tv_on.sh
)

[2024-10-26 20:59:51] [debug] AJAX request received. POST data: Array
(
    [receiver_ip] => 192.168.8.70
    [power_command] => cec_tv_on.sh
)

[2024-10-26 20:59:51] [debug] AJAX request received. POST data: Array
(
    [receiver_ip] => 192.168.8.12
    [power_command] => cec_tv_on.sh
)

[2024-10-26 20:59:51] [debug] Sending JSON response: {"success":false,"message":"Error sending power command: Unexpected response."}
[2024-10-26 20:59:51] [debug] Sending JSON response: {"success":false,"message":"Error sending power command: Unexpected response."}
[2024-10-26 20:59:51] [debug] Sending JSON response: {"success":false,"message":"Error sending power command: Unexpected response."}
[2024-10-26 20:59:51] [debug] Sending JSON response: {"success":false,"message":"Error sending power command: Unexpected response."}
[2024-10-26 20:59:52] [debug] Sending JSON response: {"success":false,"message":"Error sending power command: Unexpected response."}
[2024-10-26 21:02:56] [debug] AJAX request received. POST data: Array
(
    [receiver_ip] => 192.168.8.20
    [power_command] => cec_tv_on.sh
)

[2024-10-26 21:02:56] [debug] AJAX request received. POST data: Array
(
    [receiver_ip] => 192.168.8.12
    [power_command] => cec_tv_on.sh
)

[2024-10-26 21:02:56] [debug] AJAX request received. POST data: Array
(
    [receiver_ip] => 192.168.8.21
    [power_command] => cec_tv_on.sh
)

[2024-10-26 21:02:56] [debug] AJAX request received. POST data: Array
(
    [receiver_ip] => 192.168.8.70
    [power_command] => cec_tv_on.sh
)

[2024-10-26 21:02:56] [debug] AJAX request received. POST data: Array
(
    [receiver_ip] => 192.168.8.17
    [power_command] => cec_tv_on.sh
)

[2024-10-26 21:02:57] [debug] Sending JSON response: {"success":false,"message":"Error sending power command: Unexpected response."}
[2024-10-26 21:02:57] [debug] Sending JSON response: {"success":false,"message":"Error sending power command: Unexpected response."}
[2024-10-26 21:02:57] [debug] Sending JSON response: {"success":false,"message":"Error sending power command: Unexpected response."}
[2024-10-26 21:02:57] [debug] Sending JSON response: {"success":false,"message":"Error sending power command: Unexpected response."}
[2024-10-26 21:02:57] [debug] Sending JSON response: {"success":false,"message":"Error sending power command: Unexpected response."}
